2023-03-21 17:12:15.573 [main] INFO  Calculator - [FACTORIAL] - 3.0
2023-03-21 17:12:15.580 [main] INFO  Calculator - [FACTORIAL] - 2.0
2023-03-21 17:12:15.581 [main] INFO  Calculator - [FACTORIAL] - 1.0
2023-03-21 17:12:15.582 [main] INFO  Calculator - [RESULT - FACTORIAL] - 1.0
2023-03-21 17:12:15.582 [main] INFO  Calculator - [RESULT - FACTORIAL] - 2.0
2023-03-21 17:12:15.583 [main] INFO  Calculator - [RESULT - FACTORIAL] - 6.0
2023-03-21 17:12:15.583 [main] INFO  Calculator - [FACTORIAL] - 4.0
2023-03-21 17:12:15.583 [main] INFO  Calculator - [FACTORIAL] - 3.0
2023-03-21 17:12:15.584 [main] INFO  Calculator - [FACTORIAL] - 2.0
2023-03-21 17:12:15.584 [main] INFO  Calculator - [FACTORIAL] - 1.0
2023-03-21 17:12:15.585 [main] INFO  Calculator - [RESULT - FACTORIAL] - 1.0
2023-03-21 17:12:15.585 [main] INFO  Calculator - [RESULT - FACTORIAL] - 2.0
2023-03-21 17:12:15.585 [main] INFO  Calculator - [RESULT - FACTORIAL] - 6.0
2023-03-21 17:12:15.586 [main] INFO  Calculator - [RESULT - FACTORIAL] - 24.0
2023-03-21 17:12:15.587 [main] INFO  Calculator - [SQUARE ROOT] - 25.0
2023-03-21 17:12:15.588 [main] INFO  Calculator - [RESULT - SQUARE ROOT] - 5.0
2023-03-21 17:12:15.588 [main] INFO  Calculator - [SQUARE ROOT] - 4.0
2023-03-21 17:12:15.589 [main] INFO  Calculator - [RESULT - SQUARE ROOT] - 2.0
2023-03-21 17:12:15.590 [main] INFO  Calculator - [NATURAL LOGARITHM] - 1.0
2023-03-21 17:12:15.593 [main] INFO  Calculator - [RESULT - NATURAL LOGARITHM - 0.0
2023-03-21 17:12:15.594 [main] INFO  Calculator - [NATURAL LOGARITHM] - 10.0
2023-03-21 17:12:15.596 [main] INFO  Calculator - [RESULT - NATURAL LOGARITHM - 2.302585092994046
2023-03-21 17:12:15.598 [main] INFO  Calculator - [SQUARE ROOT] - 4.0
2023-03-21 17:12:15.599 [main] INFO  Calculator - [RESULT - SQUARE ROOT] - 2.0
2023-03-21 17:12:15.599 [main] INFO  Calculator - [SQUARE ROOT] - 100.0
2023-03-21 17:12:15.599 [main] INFO  Calculator - [RESULT - SQUARE ROOT] - 10.0
2023-03-21 17:12:15.600 [main] INFO  Calculator - [NATURAL LOGARITHM] - 1.0
2023-03-21 17:12:15.600 [main] INFO  Calculator - [RESULT - NATURAL LOGARITHM - 0.0
2023-03-21 17:12:15.601 [main] INFO  Calculator - [NATURAL LOGARITHM] - 100.0
2023-03-21 17:12:15.601 [main] INFO  Calculator - [RESULT - NATURAL LOGARITHM - 4.605170185988092
2023-03-21 17:12:15.602 [main] INFO  Calculator - [FACTORIAL] - 5.0
2023-03-21 17:12:15.602 [main] INFO  Calculator - [FACTORIAL] - 4.0
2023-03-21 17:12:15.602 [main] INFO  Calculator - [FACTORIAL] - 3.0
2023-03-21 17:12:15.603 [main] INFO  Calculator - [FACTORIAL] - 2.0
2023-03-21 17:12:15.603 [main] INFO  Calculator - [FACTORIAL] - 1.0
2023-03-21 17:12:15.603 [main] INFO  Calculator - [RESULT - FACTORIAL] - 1.0
2023-03-21 17:12:15.604 [main] INFO  Calculator - [RESULT - FACTORIAL] - 2.0
2023-03-21 17:12:15.604 [main] INFO  Calculator - [RESULT - FACTORIAL] - 6.0
2023-03-21 17:12:15.604 [main] INFO  Calculator - [RESULT - FACTORIAL] - 24.0
2023-03-21 17:12:15.604 [main] INFO  Calculator - [RESULT - FACTORIAL] - 120.0
2023-03-21 17:12:15.605 [main] INFO  Calculator - [FACTORIAL] - 4.0
2023-03-21 17:12:15.605 [main] INFO  Calculator - [FACTORIAL] - 3.0
2023-03-21 17:12:15.605 [main] INFO  Calculator - [FACTORIAL] - 2.0
2023-03-21 17:12:15.606 [main] INFO  Calculator - [FACTORIAL] - 1.0
2023-03-21 17:12:15.606 [main] INFO  Calculator - [RESULT - FACTORIAL] - 1.0
2023-03-21 17:12:15.607 [main] INFO  Calculator - [RESULT - FACTORIAL] - 2.0
2023-03-21 17:12:15.607 [main] INFO  Calculator - [RESULT - FACTORIAL] - 6.0
2023-03-21 17:12:15.607 [main] INFO  Calculator - [RESULT - FACTORIAL] - 24.0
2023-03-21 17:12:15.619 [main] INFO  Calculator - [POWER FUNCTION] - 3.0RAISED TO THE POWER2.0
2023-03-21 17:12:15.619 [main] INFO  Calculator - [RESULT - POWER FUNCTION - 9.0
2023-03-21 17:12:15.620 [main] INFO  Calculator - [POWER FUNCTION] - 4.0RAISED TO THE POWER2.0
2023-03-21 17:12:15.620 [main] INFO  Calculator - [RESULT - POWER FUNCTION - 16.0
2023-03-21 17:12:15.621 [main] INFO  Calculator - [POWER FUNCTION] - 5.0RAISED TO THE POWER2.0
2023-03-21 17:12:15.621 [main] INFO  Calculator - [RESULT - POWER FUNCTION - 25.0
2023-03-21 17:12:15.624 [main] INFO  Calculator - [POWER FUNCTION] - 4.0RAISED TO THE POWER4.0
2023-03-21 17:12:15.625 [main] INFO  Calculator - [RESULT - POWER FUNCTION - 256.0
